<?xml version="1.0" encoding="UTF-8"?>
<!-- Generated by org.testng.reporters.JUnitReportReporter -->
<testsuite hostname="QSP" failures="0" tests="1" name="demo.Test1" time="0.035" errors="0" timestamp="2022-03-04T17:40:43 IST" skipped="0">
  <testcase classname="demo.Test1" name="t1" time="0.035"/>
  <system-out>
hello selenium  </system-out>
</testsuite> <!-- demo.Test1 -->
