<?xml version="1.0" encoding="UTF-8"?>
<!-- Generated by org.testng.reporters.JUnitReportReporter -->
<testsuite hostname="QSP" failures="0" tests="1" name="demo.Test2" time="0.003" errors="0" timestamp="2022-03-04T17:40:43 IST" skipped="0">
  <testcase classname="demo.Test2" name="t2" time="0.003"/>
  <system-out>
hello java  </system-out>
</testsuite> <!-- demo.Test2 -->
