<?xml version="1.0" encoding="UTF-8"?>
<!-- Generated by org.testng.reporters.JUnitReportReporter -->
<testsuite hostname="QSP" failures="0" tests="1" name="demo.Test3" time="0.006" errors="0" timestamp="2022-03-04T17:40:43 IST" skipped="0">
  <testcase classname="demo.Test3" name="t3" time="0.006"/>
  <system-out>
hello python  </system-out>
</testsuite> <!-- demo.Test3 -->
